++ 3dTproject: AFNI version=AFNI_23.3.09 (Dec  8 2023) [64-bit]
++ 3dTproject: AFNI version=AFNI_23.3.09 (Dec  8 2023) [64-bit]
++ Authored by: Cox the Algebraic (Linear)
++ 3dTproject: AFNI version=AFNI_23.3.09 (Dec  8 2023) [64-bit]
++ Authored by: Cox the Algebraic (Linear)
++ 3dTproject: AFNI version=AFNI_23.3.09 (Dec  8 2023) [64-bit]
++ Authored by: Cox the Algebraic (Linear)
++ 3dTproject: AFNI version=AFNI_23.3.09 (Dec  8 2023) [64-bit]
++ Authored by: Cox the Algebraic (Linear)
++ Authored by: Cox the Algebraic (Linear)
++ 3dTproject: AFNI version=AFNI_23.3.09 (Dec  8 2023) [64-bit]
++ Authored by: Cox the Algebraic (Linear)
++ 3dTproject: AFNI version=AFNI_23.3.09 (Dec  8 2023) [64-bit]
++ Authored by: Cox the Algebraic (Linear)
++ 3dTproject: AFNI version=AFNI_23.3.09 (Dec  8 2023) [64-bit]
++ Authored by: Cox the Algebraic (Linear)
++ 3dTproject: AFNI version=AFNI_23.3.09 (Dec  8 2023) [64-bit]
++ Authored by: Cox the Algebraic (Linear)
++ 3dTproject: AFNI version=AFNI_23.3.09 (Dec  8 2023) [64-bit]
++ Authored by: Cox the Algebraic (Linear)
[7m** FATAL ERROR:[0m mask and input datasets are NOT on the same 3D grid -- do you need 3dresample?
** Program compile date = Dec  8 2023
[7m** FATAL ERROR:[0m mask and input datasets are NOT on the same 3D grid -- do you need 3dresample?
** Program compile date = Dec  8 2023
[7m** FATAL ERROR:[0m mask and input datasets are NOT on the same 3D grid -- do you need 3dresample?
** Program compile date = Dec  8 2023
[7m** FATAL ERROR:[0m mask and input datasets are NOT on the same 3D grid -- do you need 3dresample?
** Program compile date = Dec  8 2023
[7m** FATAL ERROR:[0m mask and input datasets are NOT on the same 3D grid -- do you need 3dresample?
** Program compile date = Dec  8 2023
[7m** FATAL ERROR:[0m mask and input datasets are NOT on the same 3D grid -- do you need 3dresample?
** Program compile date = Dec  8 2023
[7m** FATAL ERROR:[0m mask and input datasets are NOT on the same 3D grid -- do you need 3dresample?
** Program compile date = Dec  8 2023
[7m** FATAL ERROR:[0m mask and input datasets are NOT on the same 3D grid -- do you need 3dresample?
** Program compile date = Dec  8 2023
[7m** FATAL ERROR:[0m mask and input datasets are NOT on the same 3D grid -- do you need 3dresample?
** Program compile date = Dec  8 2023
[7m** FATAL ERROR:[0m mask and input datasets are NOT on the same 3D grid -- do you need 3dresample?
** Program compile date = Dec  8 2023
++ 3dTproject: AFNI version=AFNI_23.3.09 (Dec  8 2023) [64-bit]
++ Authored by: Cox the Algebraic (Linear)
++ 3dTproject: AFNI version=AFNI_23.3.09 (Dec  8 2023) [64-bit]
++ Authored by: Cox the Algebraic (Linear)
++ 3dTproject: AFNI version=AFNI_23.3.09 (Dec  8 2023) [64-bit]
++ Authored by: Cox the Algebraic (Linear)
++ 3dTproject: AFNI version=AFNI_23.3.09 (Dec  8 2023) [64-bit]
++ Authored by: Cox the Algebraic (Linear)
++ 3dTproject: AFNI version=AFNI_23.3.09 (Dec  8 2023) [64-bit]
++ Authored by: Cox the Algebraic (Linear)
++ 3dTproject: AFNI version=AFNI_23.3.09 (Dec  8 2023) [64-bit]
++ Authored by: Cox the Algebraic (Linear)
++ 3dTproject: AFNI version=AFNI_23.3.09 (Dec  8 2023) [64-bit]
++ Authored by: Cox the Algebraic (Linear)
++ 3dTproject: AFNI version=AFNI_23.3.09 (Dec  8 2023) [64-bit]
++ Authored by: Cox the Algebraic (Linear)
++ 3dTproject: AFNI version=AFNI_23.3.09 (Dec  8 2023) [64-bit]
++ Authored by: Cox the Algebraic (Linear)
++ 3dTproject: AFNI version=AFNI_23.3.09 (Dec  8 2023) [64-bit]
++ Authored by: Cox the Algebraic (Linear)
[7m** FATAL ERROR:[0m mask and input datasets are NOT on the same 3D grid -- do you need 3dresample?
** Program compile date = Dec  8 2023
[7m** FATAL ERROR:[0m mask and input datasets are NOT on the same 3D grid -- do you need 3dresample?
** Program compile date = Dec  8 2023
++ 3dTproject: AFNI version=AFNI_23.3.09 (Dec  8 2023) [64-bit]
++ Authored by: Cox the Algebraic (Linear)
++ 3dTproject: AFNI version=AFNI_23.3.09 (Dec  8 2023) [64-bit]
++ Authored by: Cox the Algebraic (Linear)
[7m** FATAL ERROR:[0m mask and input datasets are NOT on the same 3D grid -- do you need 3dresample?
** Program compile date = Dec  8 2023
[7m** FATAL ERROR:[0m mask and input datasets are NOT on the same 3D grid -- do you need 3dresample?
** Program compile date = Dec  8 2023
[7m** FATAL ERROR:[0m mask and input datasets are NOT on the same 3D grid -- do you need 3dresample?
** Program compile date = Dec  8 2023
[7m** FATAL ERROR:[0m mask and input datasets are NOT on the same 3D grid -- do you need 3dresample?
** Program compile date = Dec  8 2023
++ 3dTproject: AFNI version=AFNI_23.3.09 (Dec  8 2023) [64-bit]
++ Authored by: Cox the Algebraic (Linear)
++ 3dTproject: AFNI version=AFNI_23.3.09 (Dec  8 2023) [64-bit]
++ Authored by: Cox the Algebraic (Linear)
++ 3dTproject: AFNI version=AFNI_23.3.09 (Dec  8 2023) [64-bit]
++ Authored by: Cox the Algebraic (Linear)
++ 3dTproject: AFNI version=AFNI_23.3.09 (Dec  8 2023) [64-bit]
++ Authored by: Cox the Algebraic (Linear)
[7m** FATAL ERROR:[0m mask and input datasets are NOT on the same 3D grid -- do you need 3dresample?
** Program compile date = Dec  8 2023
[7m** FATAL ERROR:[0m mask and input datasets are NOT on the same 3D grid -- do you need 3dresample?
** Program compile date = Dec  8 2023
[7m** FATAL ERROR:[0m mask and input datasets are NOT on the same 3D grid -- do you need 3dresample?
** Program compile date = Dec  8 2023
[7m** FATAL ERROR:[0m mask and input datasets are NOT on the same 3D grid -- do you need 3dresample?
** Program compile date = Dec  8 2023
++ 3dTproject: AFNI version=AFNI_23.3.09 (Dec  8 2023) [64-bit]
++ Authored by: Cox the Algebraic (Linear)
++ 3dTproject: AFNI version=AFNI_23.3.09 (Dec  8 2023) [64-bit]
++ Authored by: Cox the Algebraic (Linear)
[7m** FATAL ERROR:[0m mask and input datasets are NOT on the same 3D grid -- do you need 3dresample?
** Program compile date = Dec  8 2023
++ 3dTproject: AFNI version=AFNI_23.3.09 (Dec  8 2023) [64-bit]
++ Authored by: Cox the Algebraic (Linear)
[7m** FATAL ERROR:[0m mask and input datasets are NOT on the same 3D grid -- do you need 3dresample?
** Program compile date = Dec  8 2023
++ 3dTproject: AFNI version=AFNI_23.3.09 (Dec  8 2023) [64-bit]
++ Authored by: Cox the Algebraic (Linear)
++ 3dTproject: AFNI version=AFNI_23.3.09 (Dec  8 2023) [64-bit]
++ Authored by: Cox the Algebraic (Linear)
++ 3dTproject: AFNI version=AFNI_23.3.09 (Dec  8 2023) [64-bit]
++ Authored by: Cox the Algebraic (Linear)
[7m** FATAL ERROR:[0m mask and input datasets are NOT on the same 3D grid -- do you need 3dresample?
** Program compile date = Dec  8 2023
++ 3dTproject: AFNI version=AFNI_23.3.09 (Dec  8 2023) [64-bit]
++ Authored by: Cox the Algebraic (Linear)
[7m** FATAL ERROR:[0m mask and input datasets are NOT on the same 3D grid -- do you need 3dresample?
** Program compile date = Dec  8 2023
[7m** FATAL ERROR:[0m mask and input datasets are NOT on the same 3D grid -- do you need 3dresample?
** Program compile date = Dec  8 2023
++ 3dTproject: AFNI version=AFNI_23.3.09 (Dec  8 2023) [64-bit]
++ Authored by: Cox the Algebraic (Linear)
[7m** FATAL ERROR:[0m mask and input datasets are NOT on the same 3D grid -- do you need 3dresample?
** Program compile date = Dec  8 2023
++ 3dTproject: AFNI version=AFNI_23.3.09 (Dec  8 2023) [64-bit]
++ Authored by: Cox the Algebraic (Linear)
[7m** FATAL ERROR:[0m mask and input datasets are NOT on the same 3D grid -- do you need 3dresample?
** Program compile date = Dec  8 2023
++ 3dTproject: AFNI version=AFNI_23.3.09 (Dec  8 2023) [64-bit]
++ Authored by: Cox the Algebraic (Linear)
++ 3dTproject: AFNI version=AFNI_23.3.09 (Dec  8 2023) [64-bit]
++ Authored by: Cox the Algebraic (Linear)
[7m** FATAL ERROR:[0m mask and input datasets are NOT on the same 3D grid -- do you need 3dresample?
** Program compile date = Dec  8 2023
++ 3dTproject: AFNI version=AFNI_23.3.09 (Dec  8 2023) [64-bit]
++ Authored by: Cox the Algebraic (Linear)
[7m** FATAL ERROR:[0m mask and input datasets are NOT on the same 3D grid -- do you need 3dresample?
** Program compile date = Dec  8 2023
[7m** FATAL ERROR:[0m mask and input datasets are NOT on the same 3D grid -- do you need 3dresample?
** Program compile date = Dec  8 2023
++ 3dTproject: AFNI version=AFNI_23.3.09 (Dec  8 2023) [64-bit]
++ Authored by: Cox the Algebraic (Linear)
[7m** FATAL ERROR:[0m mask and input datasets are NOT on the same 3D grid -- do you need 3dresample?
** Program compile date = Dec  8 2023
[7m** FATAL ERROR:[0m mask and input datasets are NOT on the same 3D grid -- do you need 3dresample?
** Program compile date = Dec  8 2023
++ 3dTproject: AFNI version=AFNI_23.3.09 (Dec  8 2023) [64-bit]
++ Authored by: Cox the Algebraic (Linear)
[7m** FATAL ERROR:[0m mask and input datasets are NOT on the same 3D grid -- do you need 3dresample?
** Program compile date = Dec  8 2023
[7m** FATAL ERROR:[0m mask and input datasets are NOT on the same 3D grid -- do you need 3dresample?
** Program compile date = Dec  8 2023
[7m** FATAL ERROR:[0m mask and input datasets are NOT on the same 3D grid -- do you need 3dresample?
** Program compile date = Dec  8 2023
[7m** FATAL ERROR:[0m mask and input datasets are NOT on the same 3D grid -- do you need 3dresample?
** Program compile date = Dec  8 2023
[7m** FATAL ERROR:[0m mask and input datasets are NOT on the same 3D grid -- do you need 3dresample?
** Program compile date = Dec  8 2023
[7m** FATAL ERROR:[0m mask and input datasets are NOT on the same 3D grid -- do you need 3dresample?
** Program compile date = Dec  8 2023
[7m** FATAL ERROR:[0m mask and input datasets are NOT on the same 3D grid -- do you need 3dresample?
** Program compile date = Dec  8 2023
[7m** FATAL ERROR:[0m mask and input datasets are NOT on the same 3D grid -- do you need 3dresample?
** Program compile date = Dec  8 2023
multiprocessing.pool.RemoteTraceback: 
"""
Traceback (most recent call last):
  File "/usr/share/fsl/6.0/lib/python3.10/multiprocessing/pool.py", line 125, in worker
    result = (True, func(*args, **kwds))
  File "/usr/share/fsl/6.0/lib/python3.10/multiprocessing/pool.py", line 51, in starmapstar
    return list(itertools.starmap(args[0], args[1]))
  File "/ocean/projects/med220004p/bshresth/vannucci/all_runs/scripts/post_proc/strict/run_3dTproject_log.py", line 29, in process_file
    run_3dTproject(input_ts=file, output_ts=output_ts, mask_file=mask_file)
  File "/ocean/projects/med220004p/bshresth/vannucci/all_runs/scripts/post_proc/strict/utils.py", line 48, in run_3dTproject
    subprocess.run(cmd_3dTproject, check=True)
  File "/usr/share/fsl/6.0/lib/python3.10/subprocess.py", line 524, in run
    raise CalledProcessError(retcode, process.args,
subprocess.CalledProcessError: Command '['3dTproject', '-input', '/ocean/projects/med220004p/bshresth/vannucci/all_runs/scripts/outputs/ANTS_FSL_noBBR_strict/output/pipeline_cpac_fmriprep-options/sub-PA049/ses-V1W1/func/sub-PA049_ses-V1W1_task-poke_run-2_space-MNI152NLin2009cAsym_reg-noGSR_desc-preproc1_bold.nii.gz', '-mask', '/ocean/projects/med220004p/bshresth/vannucci/all_runs/scripts/outputs/ANTS_FSL_noBBR_strict/working/pipeline_cpac_fmriprep-options/cpac_pipeline_cpac_fmriprep-options_sub-PA049_ses-V1W1/_scan_poke_run-2/align_template_mask_to_template_data_space-template_reg-strict_noGSR_198/tpl-MNI152NLin2009cAsym_res-02_desc-brain_mask_resample_resample.nii.gz', '-polort', '2', '-prefix', '/ocean/projects/med220004p/bshresth/vannucci/all_runs/scripts/outputs/ANTS_FSL_noBBR_strict/output/pipeline_cpac_fmriprep-options/sub-PA049/ses-V1W1/func/sub-PA049_ses-V1W1_task-poke_run-2_space-MNI152NLin2009cAsym_reg-noGSR_desc-preproc1_bold_3dTproject.nii.gz']' returned non-zero exit status 1.
"""

The above exception was the direct cause of the following exception:

Traceback (most recent call last):
  File "/ocean/projects/med220004p/bshresth/vannucci/all_runs/scripts/post_proc/strict/run_3dTproject_log.py", line 40, in <module>
    pool.starmap(process_file, zip(df["sub"], df["ses"], df["scan"], df["reg"], df['file_path']))
  File "/usr/share/fsl/6.0/lib/python3.10/multiprocessing/pool.py", line 375, in starmap
    return self._map_async(func, iterable, starmapstar, chunksize).get()
  File "/usr/share/fsl/6.0/lib/python3.10/multiprocessing/pool.py", line 774, in get
    raise self._value
subprocess.CalledProcessError: Command '['3dTproject', '-input', '/ocean/projects/med220004p/bshresth/vannucci/all_runs/scripts/outputs/ANTS_FSL_noBBR_strict/output/pipeline_cpac_fmriprep-options/sub-PA049/ses-V1W1/func/sub-PA049_ses-V1W1_task-poke_run-2_space-MNI152NLin2009cAsym_reg-noGSR_desc-preproc1_bold.nii.gz', '-mask', '/ocean/projects/med220004p/bshresth/vannucci/all_runs/scripts/outputs/ANTS_FSL_noBBR_strict/working/pipeline_cpac_fmriprep-options/cpac_pipeline_cpac_fmriprep-options_sub-PA049_ses-V1W1/_scan_poke_run-2/align_template_mask_to_template_data_space-template_reg-strict_noGSR_198/tpl-MNI152NLin2009cAsym_res-02_desc-brain_mask_resample_resample.nii.gz', '-polort', '2', '-prefix', '/ocean/projects/med220004p/bshresth/vannucci/all_runs/scripts/outputs/ANTS_FSL_noBBR_strict/output/pipeline_cpac_fmriprep-options/sub-PA049/ses-V1W1/func/sub-PA049_ses-V1W1_task-poke_run-2_space-MNI152NLin2009cAsym_reg-noGSR_desc-preproc1_bold_3dTproject.nii.gz']' returned non-zero exit status 1.
